<?xml version="1.0" encoding="UTF-8"?>
<!-- Generated by org.testng.reporters.JUnitReportReporter -->
<testsuite hostname="TRPL-PUN-0268" failures="0" tests="21" name="testCases.RCPTestCase" time="1800.101" errors="1" timestamp="2025-05-25T19:31:38 IST" skipped="0">
  <testcase classname="testCases.RCPTestCase" name="RCPLogo" time="74.000"/>
  <system-out/>
  <testcase classname="testCases.RCPTestCase" name="RCPcolumnExpandIcon" time="45.547"/>
  <system-out/>
  <testcase classname="testCases.RCPTestCase" name="RegistrationCountMatch" time="39.345"/>
  <system-out/>
  <testcase classname="testCases.RCPTestCase" name="RegistrationPendingApplicationExport" time="57.503"/>
  <system-out/>
  <testcase classname="testCases.RCPTestCase" name="RegistrationPendingAction" time="107.335"/>
  <system-out/>
  <testcase classname="testCases.RCPTestCase" name="RegistrationAppliedAwatingDeptExport" time="52.876"/>
  <system-out/>
  <testcase classname="testCases.RCPTestCase" name="RegistrationOverdue" time="221.890"/>
  <system-out/>
  <testcase classname="testCases.RCPTestCase" name="RegistrationOverdueExport" time="61.636"/>
  <system-out/>
  <testcase classname="testCases.RCPTestCase" name="RegistrationClosed" time="35.307"/>
  <system-out/>
  <testcase classname="testCases.RCPTestCase" name="RegistrationClosedExport" time="206.427"/>
  <system-out/>
  <testcase classname="testCases.RCPTestCase" name="ExportBtn" time="57.298"/>
  <system-out/>
  <testcase classname="testCases.RCPTestCase" name="SearchBox" time="252.636"/>
  <system-out/>
  <testcase classname="testCases.RCPTestCase" name="EditIcon" time="37.128"/>
  <system-out/>
  <testcase classname="testCases.RCPTestCase" name="ExistingLicenseCountMatch" time="62.912"/>
  <system-out/>
  <testcase classname="testCases.RCPTestCase" name="ExistingLicenseendingAction" time="33.116"/>
  <system-out/>
  <testcase classname="testCases.RCPTestCase" name="ExistingLicenseOverdue" time="33.279"/>
  <system-out/>
  <testcase classname="testCases.RCPTestCase" name="ExistingLicenseClosed" time="75.342"/>
  <system-out/>
  <testcase classname="testCases.RCPTestCase" name="ExsitingLicenseExport" time="54.937"/>
  <system-out/>
  <testcase classname="testCases.RCPTestCase" name="SearchBoxExistiongLicense" time="46.257"/>
  <system-out/>
  <testcase classname="testCases.RCPTestCase" name="ExistingLicenseViewIcon" time="78.434">
    <error message="stale element reference: stale element not found in the current frame
  (Session info: chrome=136.0.7103.114)
For documentation on this error, please visit: http://seleniumhq.org/exceptions/stale_element_reference.html
Build info: version: &#039;3.141.0&#039;, revision: &#039;2ecb7d9a&#039;, time: &#039;2018-10-31T20:09:30&#039;
System info: host: &#039;TRPL-PUN-0268&#039;, ip: &#039;192.168.5.48&#039;, os.name: &#039;Windows 11&#039;, os.arch: &#039;amd64&#039;, os.version: &#039;10.0&#039;, java.version: &#039;23.0.1&#039;
Driver info: org.openqa.selenium.chrome.ChromeDriver
Capabilities {acceptInsecureCerts: false, browserName: chrome, browserVersion: 136.0.7103.114, chrome: {chromedriverVersion: 136.0.7103.113 (76fa3c17824..., userDataDir: C:\Users\bilali\AppData\Loc...}, fedcm:accounts: true, goog:chromeOptions: {debuggerAddress: localhost:52530}, javascriptEnabled: true, networkConnectionEnabled: false, pageLoadStrategy: normal, platform: WINDOWS, platformName: WINDOWS, proxy: Proxy(), setWindowRect: true, strictFileInteractability: false, timeouts: {implicit: 0, pageLoad: 300000, script: 30000}, unhandledPromptBehavior: dismiss and notify, webauthn:extension:credBlob: true, webauthn:extension:largeBlob: true, webauthn:extension:minPinLength: true, webauthn:extension:prf: true, webauthn:virtualAuthenticators: true}
Session ID: 39c3fdebb8317d1c1dd8884709da8212" type="org.openqa.selenium.StaleElementReferenceException">
      <![CDATA[org.openqa.selenium.StaleElementReferenceException: stale element reference: stale element not found in the current frame
  (Session info: chrome=136.0.7103.114)
For documentation on this error, please visit: http://seleniumhq.org/exceptions/stale_element_reference.html
Build info: version: '3.141.0', revision: '2ecb7d9a', time: '2018-10-31T20:09:30'
System info: host: 'TRPL-PUN-0268', ip: '192.168.5.48', os.name: 'Windows 11', os.arch: 'amd64', os.version: '10.0', java.version: '23.0.1'
Driver info: org.openqa.selenium.chrome.ChromeDriver
Capabilities {acceptInsecureCerts: false, browserName: chrome, browserVersion: 136.0.7103.114, chrome: {chromedriverVersion: 136.0.7103.113 (76fa3c17824..., userDataDir: C:\Users\bilali\AppData\Loc...}, fedcm:accounts: true, goog:chromeOptions: {debuggerAddress: localhost:52530}, javascriptEnabled: true, networkConnectionEnabled: false, pageLoadStrategy: normal, platform: WINDOWS, platformName: WINDOWS, proxy: Proxy(), setWindowRect: true, strictFileInteractability: false, timeouts: {implicit: 0, pageLoad: 300000, script: 30000}, unhandledPromptBehavior: dismiss and notify, webauthn:extension:credBlob: true, webauthn:extension:largeBlob: true, webauthn:extension:minPinLength: true, webauthn:extension:prf: true, webauthn:virtualAuthenticators: true}
Session ID: 39c3fdebb8317d1c1dd8884709da8212
at java.base/jdk.internal.reflect.DirectConstructorHandleAccessor.newInstance(DirectConstructorHandleAccessor.java:62)
at java.base/java.lang.reflect.Constructor.newInstanceWithCaller(Constructor.java:501)
at java.base/java.lang.reflect.Constructor.newInstance(Constructor.java:485)
at org.openqa.selenium.remote.http.W3CHttpResponseCodec.createException(W3CHttpResponseCodec.java:187)
at org.openqa.selenium.remote.http.W3CHttpResponseCodec.decode(W3CHttpResponseCodec.java:122)
at org.openqa.selenium.remote.http.W3CHttpResponseCodec.decode(W3CHttpResponseCodec.java:49)
at org.openqa.selenium.remote.HttpCommandExecutor.execute(HttpCommandExecutor.java:158)
at org.openqa.selenium.remote.service.DriverCommandExecutor.execute(DriverCommandExecutor.java:83)
at org.openqa.selenium.remote.RemoteWebDriver.execute(RemoteWebDriver.java:552)
at org.openqa.selenium.remote.RemoteWebElement.execute(RemoteWebElement.java:285)
at org.openqa.selenium.remote.RemoteWebElement.click(RemoteWebElement.java:84)
at rcp.RCPMethod.ExistingLicenseViewIcon(RCPMethod.java:1180)
at testCases.RCPTestCase.ExistingLicenseViewIcon(RCPTestCase.java:335)
at java.base/jdk.internal.reflect.DirectMethodHandleAccessor.invoke(DirectMethodHandleAccessor.java:103)
at java.base/java.lang.reflect.Method.invoke(Method.java:580)
at org.testng.internal.invokers.MethodInvocationHelper.invokeMethod(MethodInvocationHelper.java:139)
at org.testng.internal.invokers.TestInvoker.invokeMethod(TestInvoker.java:677)
at org.testng.internal.invokers.TestInvoker.invokeTestMethod(TestInvoker.java:221)
at org.testng.internal.invokers.MethodRunner.runInSequence(MethodRunner.java:50)
at org.testng.internal.invokers.TestInvoker$MethodInvocationAgent.invoke(TestInvoker.java:969)
at org.testng.internal.invokers.TestInvoker.invokeTestMethods(TestInvoker.java:194)
at org.testng.internal.invokers.TestMethodWorker.invokeTestMethods(TestMethodWorker.java:148)
at org.testng.internal.invokers.TestMethodWorker.run(TestMethodWorker.java:128)
at java.base/java.util.ArrayList.forEach(ArrayList.java:1597)
at org.testng.TestRunner.privateRun(TestRunner.java:829)
at org.testng.TestRunner.run(TestRunner.java:602)
at org.testng.SuiteRunner.runTest(SuiteRunner.java:437)
at org.testng.SuiteRunner.runSequentially(SuiteRunner.java:431)
at org.testng.SuiteRunner.privateRun(SuiteRunner.java:391)
at org.testng.SuiteRunner.run(SuiteRunner.java:330)
at org.testng.SuiteRunnerWorker.runSuite(SuiteRunnerWorker.java:52)
at org.testng.SuiteRunnerWorker.run(SuiteRunnerWorker.java:95)
at org.testng.TestNG.runSuitesSequentially(TestNG.java:1256)
at org.testng.TestNG.runSuitesLocally(TestNG.java:1176)
at org.testng.TestNG.runSuites(TestNG.java:1099)
at org.testng.TestNG.run(TestNG.java:1067)
at org.testng.remote.AbstractRemoteTestNG.run(AbstractRemoteTestNG.java:115)
at org.testng.remote.RemoteTestNG.initAndRun(RemoteTestNG.java:293)
at org.testng.remote.RemoteTestNG.main(RemoteTestNG.java:91)
]]>
    </error>
  </testcase> <!-- ExistingLicenseViewIcon -->
  <system-out/>
  <testcase classname="testCases.RCPTestCase" name="ExistingLicenseDownload" time="166.896"/>
  <system-out/>
</testsuite> <!-- testCases.RCPTestCase -->
